# JRE version: OpenJDK Runtime Environment (22.0.2+9) (build 22.0.2+9-70)
# Java VM: OpenJDK 64-Bit Server VM (22.0.2+9-70, mixed mode, sharing, tiered, compressed oops, compressed class ptrs, g1 gc, windows-amd64)
GC Precious Log:
 CardTable entry size: 512
 Card Set container configuration: InlinePtr #cards 5 size 8 Array Of Cards #cards 12 size 40 Howl #buckets 4 coarsen threshold 1843 Howl Bitmap #cards 512 size 80 coarsen threshold 460 Card regions per heap region 1 cards per card region 2048
 CPUs: 8 total, 8 available
 Memory: 7948M
 Large Page Support: Disabled
 NUMA Support: Disabled
 Compressed Oops: Enabled (32-bit)
 Heap Region Size: 1M
 Heap Min Capacity: 8M
 Heap Initial Capacity: 126M
 Heap Max Capacity: 1988M
 Pre-touch: Disabled
 Parallel Workers: 8
 Concurrent Workers: 2
 Concurrent Refinement Workers: 8
 Periodic GC: Disabled
Heap:
 garbage-first heap   total reserved 2035712K, committed 65536K, used 58453K [0x0000000083c00000, 0x0000000100000000)
  region size 1024K, 34 young (34816K), 1 survivors (1024K)
 Metaspace       used 52750K, committed 53760K, reserved 1114112K
  class space    used 6864K, committed 7296K, reserved 1048576K
GC Heap History (20 events):
Event: 207.192 GC heap before
{Heap before GC invocations=13 (full 0):
 garbage-first heap   total reserved 2035712K, committed 54272K, used 47080K [0x0000000083c00000, 0x0000000100000000)
  region size 1024K, 22 young (22528K), 2 survivors (2048K)
 Metaspace       used 50431K, committed 51200K, reserved 1114112K
  class space    used 6626K, committed 6976K, reserved 1048576K
}
Event: 207.197 GC heap after
{Heap after GC invocations=14 (full 0):
 garbage-first heap   total reserved 2035712K, committed 54272K, used 26635K [0x0000000083c00000, 0x0000000100000000)
  region size 1024K, 2 young (2048K), 2 survivors (2048K)
 Metaspace       used 50431K, committed 51200K, reserved 1114112K
  class space    used 6626K, committed 6976K, reserved 1048576K
}
Event: 371.049 GC heap before
{Heap before GC invocations=15 (full 0):
 garbage-first heap   total reserved 2035712K, committed 54272K, used 46091K [0x0000000083c00000, 0x0000000100000000)
  region size 1024K, 22 young (22528K), 2 survivors (2048K)
 Metaspace       used 51521K, committed 52288K, reserved 1114112K
  class space    used 6750K, committed 7104K, reserved 1048576K
}
Event: 371.051 GC heap after
{Heap after GC invocations=16 (full 0):
 garbage-first heap   total reserved 2035712K, committed 54272K, used 26873K [0x0000000083c00000, 0x0000000100000000)
  region size 1024K, 1 young (1024K), 1 survivors (1024K)
 Metaspace       used 51521K, committed 52288K, reserved 1114112K
  class space    used 6750K, committed 7104K, reserved 1048576K
}
Event: 548.475 GC heap before
{Heap before GC invocations=16 (full 0):
 garbage-first heap   total reserved 2035712K, committed 54272K, used 47353K [0x0000000083c00000, 0x0000000100000000)
  region size 1024K, 22 young (22528K), 1 survivors (1024K)
 Metaspace       used 52823K, committed 53568K, reserved 1114112K
  class space    used 6952K, committed 7296K, reserved 1048576K
}
Event: 548.482 GC heap after
{Heap after GC invocations=17 (full 0):
 garbage-first heap   total reserved 2035712K, committed 54272K, used 26396K [0x0000000083c00000, 0x0000000100000000)
  region size 1024K, 1 young (1024K), 1 survivors (1024K)
 Metaspace       used 52823K, committed 53568K, reserved 1114112K
  class space    used 6952K, committed 7296K, reserved 1048576K
}
Event: 766.239 GC heap before
{Heap before GC invocations=17 (full 0):
 garbage-first heap   total reserved 2035712K, committed 54272K, used 47900K [0x0000000083c00000, 0x0000000100000000)
  region size 1024K, 22 young (22528K), 1 survivors (1024K)
 Metaspace       used 52854K, committed 53632K, reserved 1114112K
  class space    used 6952K, committed 7296K, reserved 1048576K
}
Event: 766.245 GC heap after
{Heap after GC invocations=18 (full 0):
 garbage-first heap   total reserved 2035712K, committed 54272K, used 26394K [0x0000000083c00000, 0x0000000100000000)
  region size 1024K, 1 young (1024K), 1 survivors (1024K)
 Metaspace       used 52854K, committed 53632K, reserved 1114112K
  class space    used 6952K, committed 7296K, reserved 1048576K
}
Event: 986.403 GC heap before
{Heap before GC invocations=19 (full 0):
 garbage-first heap   total reserved 2035712K, committed 54272K, used 47898K [0x0000000083c00000, 0x0000000100000000)
  region size 1024K, 22 young (22528K), 1 survivors (1024K)
 Metaspace       used 52964K, committed 53696K, reserved 1114112K
  class space    used 6952K, committed 7296K, reserved 1048576K
}
Event: 986.405 GC heap after
{Heap after GC invocations=20 (full 0):
 garbage-first heap   total reserved 2035712K, committed 54272K, used 26432K [0x0000000083c00000, 0x0000000100000000)
  region size 1024K, 1 young (1024K), 1 survivors (1024K)
 Metaspace       used 52964K, committed 53696K, reserved 1114112K
  class space    used 6952K, committed 7296K, reserved 1048576K
}
Event: 1206.547 GC heap before
{Heap before GC invocations=20 (full 0):
 garbage-first heap   total reserved 2035712K, committed 54272K, used 47936K [0x0000000083c00000, 0x0000000100000000)
  region size 1024K, 22 young (22528K), 1 survivors (1024K)
 Metaspace       used 52967K, committed 53696K, reserved 1114112K
  class space    used 6952K, committed 7296K, reserved 1048576K
}
Event: 1206.553 GC heap after
{Heap after GC invocations=21 (full 0):
 garbage-first heap   total reserved 2035712K, committed 54272K, used 25888K [0x0000000083c00000, 0x0000000100000000)
  region size 1024K, 1 young (1024K), 1 survivors (1024K)
 Metaspace       used 52967K, committed 53696K, reserved 1114112K
  class space    used 6952K, committed 7296K, reserved 1048576K
}
Event: 1435.911 GC heap before
{Heap before GC invocations=21 (full 0):
 garbage-first heap   total reserved 2035712K, committed 54272K, used 48416K [0x0000000083c00000, 0x0000000100000000)
  region size 1024K, 23 young (23552K), 1 survivors (1024K)
 Metaspace       used 53008K, committed 53760K, reserved 1114112K
  class space    used 6952K, committed 7296K, reserved 1048576K
}
Event: 1435.924 GC heap after
{Heap after GC invocations=22 (full 0):
 garbage-first heap   total reserved 2035712K, committed 54272K, used 25923K [0x0000000083c00000, 0x0000000100000000)
  region size 1024K, 1 young (1024K), 1 survivors (1024K)
 Metaspace       used 53008K, committed 53760K, reserved 1114112K
  class space    used 6952K, committed 7296K, reserved 1048576K
}
Event: 1666.876 GC heap before
{Heap before GC invocations=23 (full 0):
 garbage-first heap   total reserved 2035712K, committed 54272K, used 48451K [0x0000000083c00000, 0x0000000100000000)
  region size 1024K, 23 young (23552K), 1 survivors (1024K)
 Metaspace       used 53009K, committed 53760K, reserved 1114112K
  class space    used 6952K, committed 7296K, reserved 1048576K
}
Event: 1667.154 GC heap after
{Heap after GC invocations=24 (full 0):
 garbage-first heap   total reserved 2035712K, committed 65536K, used 25894K [0x0000000083c00000, 0x0000000100000000)
  region size 1024K, 1 young (1024K), 1 survivors (1024K)
 Metaspace       used 53009K, committed 53760K, reserved 1114112K
  class space    used 6952K, committed 7296K, reserved 1048576K
}
Event: 2012.646 GC heap before
{Heap before GC invocations=24 (full 0):
 garbage-first heap   total reserved 2035712K, committed 65536K, used 59686K [0x0000000083c00000, 0x0000000100000000)
  region size 1024K, 34 young (34816K), 1 survivors (1024K)
 Metaspace       used 53035K, committed 53760K, reserved 1114112K
  class space    used 6952K, committed 7296K, reserved 1048576K
}
Event: 2012.667 GC heap after
{Heap after GC invocations=25 (full 0):
 garbage-first heap   total reserved 2035712K, committed 65536K, used 25694K [0x0000000083c00000, 0x0000000100000000)
  region size 1024K, 1 young (1024K), 1 survivors (1024K)
 Metaspace       used 53035K, committed 53760K, reserved 1114112K
  class space    used 6952K, committed 7296K, reserved 1048576K
}
Event: 2357.393 GC heap before
{Heap before GC invocations=25 (full 0):
 garbage-first heap   total reserved 2035712K, committed 65536K, used 59486K [0x0000000083c00000, 0x0000000100000000)
  region size 1024K, 34 young (34816K), 1 survivors (1024K)
 Metaspace       used 53036K, committed 53760K, reserved 1114112K
  class space    used 6953K, committed 7296K, reserved 1048576K
}
Event: 2357.569 GC heap after
{Heap after GC invocations=26 (full 0):
 garbage-first heap   total reserved 2035712K, committed 65536K, used 25685K [0x0000000083c00000, 0x0000000100000000)
  region size 1024K, 1 young (1024K), 1 survivors (1024K)
 Metaspace       used 53036K, committed 53760K, reserved 1114112K
  class space    used 6953K, committed 7296K, reserved 1048576K
}

