# JRE version: OpenJDK Runtime Environment (22.0.2+9) (build 22.0.2+9-70)
# Java VM: OpenJDK 64-Bit Server VM (22.0.2+9-70, mixed mode, sharing, tiered, compressed oops, compressed class ptrs, g1 gc, windows-amd64)
GC Precious Log:
 CardTable entry size: 512
 Card Set container configuration: InlinePtr #cards 5 size 8 Array Of Cards #cards 12 size 40 Howl #buckets 4 coarsen threshold 1843 Howl Bitmap #cards 512 size 80 coarsen threshold 460 Card regions per heap region 1 cards per card region 2048
 CPUs: 8 total, 8 available
 Memory: 7948M
 Large Page Support: Disabled
 NUMA Support: Disabled
 Compressed Oops: Enabled (32-bit)
 Heap Region Size: 1M
 Heap Min Capacity: 8M
 Heap Initial Capacity: 126M
 Heap Max Capacity: 1988M
 Pre-touch: Disabled
 Parallel Workers: 8
 Concurrent Workers: 2
 Concurrent Refinement Workers: 8
 Periodic GC: Disabled
Heap:
 garbage-first heap   total reserved 2035712K, committed 55296K, used 45058K [0x0000000083c00000, 0x0000000100000000)
  region size 1024K, 21 young (21504K), 1 survivors (1024K)
 Metaspace       used 54639K, committed 55552K, reserved 1114112K
  class space    used 7016K, committed 7424K, reserved 1048576K
GC Heap History (20 events):
Event: 1705.548 GC heap before
{Heap before GC invocations=37 (full 0):
 garbage-first heap   total reserved 2035712K, committed 55296K, used 49072K [0x0000000083c00000, 0x0000000100000000)
  region size 1024K, 20 young (20480K), 1 survivors (1024K)
 Metaspace       used 54840K, committed 55552K, reserved 1114112K
  class space    used 7108K, committed 7424K, reserved 1048576K
}
Event: 1705.556 GC heap after
{Heap after GC invocations=38 (full 0):
 garbage-first heap   total reserved 2035712K, committed 55296K, used 29575K [0x0000000083c00000, 0x0000000100000000)
  region size 1024K, 1 young (1024K), 1 survivors (1024K)
 Metaspace       used 54840K, committed 55552K, reserved 1114112K
  class space    used 7108K, committed 7424K, reserved 1048576K
}
Event: 1822.897 GC heap before
{Heap before GC invocations=39 (full 0):
 garbage-first heap   total reserved 2035712K, committed 55296K, used 49031K [0x0000000083c00000, 0x0000000100000000)
  region size 1024K, 20 young (20480K), 1 survivors (1024K)
 Metaspace       used 54840K, committed 55552K, reserved 1114112K
  class space    used 7104K, committed 7424K, reserved 1048576K
}
Event: 1822.899 GC heap after
{Heap after GC invocations=40 (full 0):
 garbage-first heap   total reserved 2035712K, committed 55296K, used 29600K [0x0000000083c00000, 0x0000000100000000)
  region size 1024K, 1 young (1024K), 1 survivors (1024K)
 Metaspace       used 54840K, committed 55552K, reserved 1114112K
  class space    used 7104K, committed 7424K, reserved 1048576K
}
Event: 1939.954 GC heap before
{Heap before GC invocations=40 (full 0):
 garbage-first heap   total reserved 2035712K, committed 55296K, used 49056K [0x0000000083c00000, 0x0000000100000000)
  region size 1024K, 20 young (20480K), 1 survivors (1024K)
 Metaspace       used 54842K, committed 55552K, reserved 1114112K
  class space    used 7104K, committed 7424K, reserved 1048576K
}
Event: 1939.958 GC heap after
{Heap after GC invocations=41 (full 0):
 garbage-first heap   total reserved 2035712K, committed 55296K, used 29537K [0x0000000083c00000, 0x0000000100000000)
  region size 1024K, 1 young (1024K), 1 survivors (1024K)
 Metaspace       used 54842K, committed 55552K, reserved 1114112K
  class space    used 7104K, committed 7424K, reserved 1048576K
}
Event: 2056.412 GC heap before
{Heap before GC invocations=41 (full 0):
 garbage-first heap   total reserved 2035712K, committed 55296K, used 48993K [0x0000000083c00000, 0x0000000100000000)
  region size 1024K, 20 young (20480K), 1 survivors (1024K)
 Metaspace       used 54850K, committed 55552K, reserved 1114112K
  class space    used 7104K, committed 7424K, reserved 1048576K
}
Event: 2056.413 GC heap after
{Heap after GC invocations=42 (full 0):
 garbage-first heap   total reserved 2035712K, committed 55296K, used 29528K [0x0000000083c00000, 0x0000000100000000)
  region size 1024K, 1 young (1024K), 1 survivors (1024K)
 Metaspace       used 54850K, committed 55552K, reserved 1114112K
  class space    used 7104K, committed 7424K, reserved 1048576K
}
Event: 2174.133 GC heap before
{Heap before GC invocations=43 (full 0):
 garbage-first heap   total reserved 2035712K, committed 55296K, used 48984K [0x0000000083c00000, 0x0000000100000000)
  region size 1024K, 20 young (20480K), 1 survivors (1024K)
 Metaspace       used 54543K, committed 55552K, reserved 1114112K
  class space    used 7013K, committed 7424K, reserved 1048576K
}
Event: 2174.140 GC heap after
{Heap after GC invocations=44 (full 0):
 garbage-first heap   total reserved 2035712K, committed 55296K, used 29542K [0x0000000083c00000, 0x0000000100000000)
  region size 1024K, 1 young (1024K), 1 survivors (1024K)
 Metaspace       used 54543K, committed 55552K, reserved 1114112K
  class space    used 7013K, committed 7424K, reserved 1048576K
}
Event: 2292.143 GC heap before
{Heap before GC invocations=44 (full 0):
 garbage-first heap   total reserved 2035712K, committed 55296K, used 48998K [0x0000000083c00000, 0x0000000100000000)
  region size 1024K, 20 young (20480K), 1 survivors (1024K)
 Metaspace       used 54544K, committed 55552K, reserved 1114112K
  class space    used 7013K, committed 7424K, reserved 1048576K
}
Event: 2292.164 GC heap after
{Heap after GC invocations=45 (full 0):
 garbage-first heap   total reserved 2035712K, committed 55296K, used 27192K [0x0000000083c00000, 0x0000000100000000)
  region size 1024K, 1 young (1024K), 1 survivors (1024K)
 Metaspace       used 54544K, committed 55552K, reserved 1114112K
  class space    used 7013K, committed 7424K, reserved 1048576K
}
Event: 2423.381 GC heap before
{Heap before GC invocations=45 (full 0):
 garbage-first heap   total reserved 2035712K, committed 55296K, used 48696K [0x0000000083c00000, 0x0000000100000000)
  region size 1024K, 22 young (22528K), 1 survivors (1024K)
 Metaspace       used 54545K, committed 55552K, reserved 1114112K
  class space    used 7013K, committed 7424K, reserved 1048576K
}
Event: 2423.388 GC heap after
{Heap after GC invocations=46 (full 0):
 garbage-first heap   total reserved 2035712K, committed 55296K, used 27144K [0x0000000083c00000, 0x0000000100000000)
  region size 1024K, 1 young (1024K), 1 survivors (1024K)
 Metaspace       used 54545K, committed 55552K, reserved 1114112K
  class space    used 7013K, committed 7424K, reserved 1048576K
}
Event: 2555.920 GC heap before
{Heap before GC invocations=46 (full 0):
 garbage-first heap   total reserved 2035712K, committed 55296K, used 48648K [0x0000000083c00000, 0x0000000100000000)
  region size 1024K, 22 young (22528K), 1 survivors (1024K)
 Metaspace       used 54564K, committed 55552K, reserved 1114112K
  class space    used 7013K, committed 7424K, reserved 1048576K
}
Event: 2555.925 GC heap after
{Heap after GC invocations=47 (full 0):
 garbage-first heap   total reserved 2035712K, committed 55296K, used 27165K [0x0000000083c00000, 0x0000000100000000)
  region size 1024K, 1 young (1024K), 1 survivors (1024K)
 Metaspace       used 54564K, committed 55552K, reserved 1114112K
  class space    used 7013K, committed 7424K, reserved 1048576K
}
Event: 2686.803 GC heap before
{Heap before GC invocations=48 (full 0):
 garbage-first heap   total reserved 2035712K, committed 55296K, used 48669K [0x0000000083c00000, 0x0000000100000000)
  region size 1024K, 22 young (22528K), 1 survivors (1024K)
 Metaspace       used 54582K, committed 55552K, reserved 1114112K
  class space    used 7013K, committed 7424K, reserved 1048576K
}
Event: 2686.807 GC heap after
{Heap after GC invocations=49 (full 0):
 garbage-first heap   total reserved 2035712K, committed 55296K, used 27203K [0x0000000083c00000, 0x0000000100000000)
  region size 1024K, 1 young (1024K), 1 survivors (1024K)
 Metaspace       used 54582K, committed 55552K, reserved 1114112K
  class space    used 7013K, committed 7424K, reserved 1048576K
}
Event: 2816.881 GC heap before
{Heap before GC invocations=49 (full 0):
 garbage-first heap   total reserved 2035712K, committed 55296K, used 48707K [0x0000000083c00000, 0x0000000100000000)
  region size 1024K, 22 young (22528K), 1 survivors (1024K)
 Metaspace       used 54583K, committed 55552K, reserved 1114112K
  class space    used 7013K, committed 7424K, reserved 1048576K
}
Event: 2816.888 GC heap after
{Heap after GC invocations=50 (full 0):
 garbage-first heap   total reserved 2035712K, committed 55296K, used 26626K [0x0000000083c00000, 0x0000000100000000)
  region size 1024K, 1 young (1024K), 1 survivors (1024K)
 Metaspace       used 54583K, committed 55552K, reserved 1114112K
  class space    used 7013K, committed 7424K, reserved 1048576K
}

