# JRE version: OpenJDK Runtime Environment (22.0.2+9) (build 22.0.2+9-70)
# Java VM: OpenJDK 64-Bit Server VM (22.0.2+9-70, mixed mode, sharing, tiered, compressed oops, compressed class ptrs, g1 gc, windows-amd64)
GC Precious Log:
 CardTable entry size: 512
 Card Set container configuration: InlinePtr #cards 5 size 8 Array Of Cards #cards 12 size 40 Howl #buckets 4 coarsen threshold 1843 Howl Bitmap #cards 512 size 80 coarsen threshold 460 Card regions per heap region 1 cards per card region 2048
 CPUs: 8 total, 8 available
 Memory: 7948M
 Large Page Support: Disabled
 NUMA Support: Disabled
 Compressed Oops: Enabled (32-bit)
 Heap Region Size: 1M
 Heap Min Capacity: 8M
 Heap Initial Capacity: 126M
 Heap Max Capacity: 1988M
 Pre-touch: Disabled
 Parallel Workers: 8
 Concurrent Workers: 2
 Concurrent Refinement Workers: 8
 Periodic GC: Disabled
Heap:
 garbage-first heap   total reserved 2035712K, committed 55296K, used 39714K [0x0000000083c00000, 0x0000000100000000)
  region size 1024K, 15 young (15360K), 3 survivors (3072K)
 Metaspace       used 51022K, committed 51776K, reserved 1114112K
  class space    used 6756K, committed 7104K, reserved 1048576K
GC Heap History (20 events):
Event: 2.564 GC heap before
{Heap before GC invocations=4 (full 0):
 garbage-first heap   total reserved 2035712K, committed 45056K, used 31609K [0x0000000083c00000, 0x0000000100000000)
  region size 1024K, 26 young (26624K), 7 survivors (7168K)
 Metaspace       used 24312K, committed 24704K, reserved 1114112K
  class space    used 3038K, committed 3200K, reserved 1048576K
}
Event: 2.572 GC heap after
{Heap after GC invocations=5 (full 0):
 garbage-first heap   total reserved 2035712K, committed 45056K, used 14005K [0x0000000083c00000, 0x0000000100000000)
  region size 1024K, 2 young (2048K), 2 survivors (2048K)
 Metaspace       used 24312K, committed 24704K, reserved 1114112K
  class space    used 3038K, committed 3200K, reserved 1048576K
}
Event: 3.065 GC heap before
{Heap before GC invocations=5 (full 0):
 garbage-first heap   total reserved 2035712K, committed 45056K, used 35509K [0x0000000083c00000, 0x0000000100000000)
  region size 1024K, 23 young (23552K), 2 survivors (2048K)
 Metaspace       used 26583K, committed 27136K, reserved 1114112K
  class space    used 3404K, committed 3648K, reserved 1048576K
}
Event: 3.070 GC heap after
{Heap after GC invocations=6 (full 0):
 garbage-first heap   total reserved 2035712K, committed 45056K, used 15477K [0x0000000083c00000, 0x0000000100000000)
  region size 1024K, 2 young (2048K), 2 survivors (2048K)
 Metaspace       used 26583K, committed 27136K, reserved 1114112K
  class space    used 3404K, committed 3648K, reserved 1048576K
}
Event: 5.306 GC heap before
{Heap before GC invocations=6 (full 0):
 garbage-first heap   total reserved 2035712K, committed 45056K, used 36981K [0x0000000083c00000, 0x0000000100000000)
  region size 1024K, 23 young (23552K), 2 survivors (2048K)
 Metaspace       used 31345K, committed 31936K, reserved 1114112K
  class space    used 3995K, committed 4224K, reserved 1048576K
}
Event: 5.309 GC heap after
{Heap after GC invocations=7 (full 0):
 garbage-first heap   total reserved 2035712K, committed 45056K, used 17370K [0x0000000083c00000, 0x0000000100000000)
  region size 1024K, 2 young (2048K), 2 survivors (2048K)
 Metaspace       used 31345K, committed 31936K, reserved 1114112K
  class space    used 3995K, committed 4224K, reserved 1048576K
}
Event: 5.563 GC heap before
{Heap before GC invocations=7 (full 0):
 garbage-first heap   total reserved 2035712K, committed 45056K, used 31706K [0x0000000083c00000, 0x0000000100000000)
  region size 1024K, 18 young (18432K), 2 survivors (2048K)
 Metaspace       used 35403K, committed 35968K, reserved 1114112K
  class space    used 4580K, committed 4800K, reserved 1048576K
}
Event: 5.567 GC heap after
{Heap after GC invocations=8 (full 0):
 garbage-first heap   total reserved 2035712K, committed 45056K, used 20872K [0x0000000083c00000, 0x0000000100000000)
  region size 1024K, 3 young (3072K), 3 survivors (3072K)
 Metaspace       used 35403K, committed 35968K, reserved 1114112K
  class space    used 4580K, committed 4800K, reserved 1048576K
}
Event: 5.850 GC heap before
{Heap before GC invocations=9 (full 0):
 garbage-first heap   total reserved 2035712K, committed 45056K, used 38280K [0x0000000083c00000, 0x0000000100000000)
  region size 1024K, 20 young (20480K), 3 survivors (3072K)
 Metaspace       used 38183K, committed 38784K, reserved 1114112K
  class space    used 4973K, committed 5248K, reserved 1048576K
}
Event: 5.854 GC heap after
{Heap after GC invocations=10 (full 0):
 garbage-first heap   total reserved 2035712K, committed 45056K, used 23188K [0x0000000083c00000, 0x0000000100000000)
  region size 1024K, 3 young (3072K), 3 survivors (3072K)
 Metaspace       used 38183K, committed 38784K, reserved 1114112K
  class space    used 4973K, committed 5248K, reserved 1048576K
}
Event: 6.193 GC heap before
{Heap before GC invocations=10 (full 0):
 garbage-first heap   total reserved 2035712K, committed 45056K, used 38548K [0x0000000083c00000, 0x0000000100000000)
  region size 1024K, 18 young (18432K), 3 survivors (3072K)
 Metaspace       used 40944K, committed 41600K, reserved 1114112K
  class space    used 5324K, committed 5632K, reserved 1048576K
}
Event: 6.202 GC heap after
{Heap after GC invocations=11 (full 0):
 garbage-first heap   total reserved 2035712K, committed 46080K, used 24065K [0x0000000083c00000, 0x0000000100000000)
  region size 1024K, 3 young (3072K), 3 survivors (3072K)
 Metaspace       used 40944K, committed 41600K, reserved 1114112K
  class space    used 5324K, committed 5632K, reserved 1048576K
}
Event: 6.549 GC heap before
{Heap before GC invocations=11 (full 0):
 garbage-first heap   total reserved 2035712K, committed 46080K, used 38401K [0x0000000083c00000, 0x0000000100000000)
  region size 1024K, 17 young (17408K), 3 survivors (3072K)
 Metaspace       used 43147K, committed 43776K, reserved 1114112K
  class space    used 5625K, committed 5888K, reserved 1048576K
}
Event: 6.557 GC heap after
{Heap after GC invocations=12 (full 0):
 garbage-first heap   total reserved 2035712K, committed 46080K, used 26139K [0x0000000083c00000, 0x0000000100000000)
  region size 1024K, 3 young (3072K), 3 survivors (3072K)
 Metaspace       used 43147K, committed 43776K, reserved 1114112K
  class space    used 5625K, committed 5888K, reserved 1048576K
}
Event: 6.891 GC heap before
{Heap before GC invocations=13 (full 0):
 garbage-first heap   total reserved 2035712K, committed 46080K, used 37403K [0x0000000083c00000, 0x0000000100000000)
  region size 1024K, 15 young (15360K), 3 survivors (3072K)
 Metaspace       used 44269K, committed 44928K, reserved 1114112K
  class space    used 5779K, committed 6080K, reserved 1048576K
}
Event: 6.895 GC heap after
{Heap after GC invocations=14 (full 0):
 garbage-first heap   total reserved 2035712K, committed 46080K, used 26624K [0x0000000083c00000, 0x0000000100000000)
  region size 1024K, 2 young (2048K), 2 survivors (2048K)
 Metaspace       used 44269K, committed 44928K, reserved 1114112K
  class space    used 5779K, committed 6080K, reserved 1048576K
}
Event: 7.315 GC heap before
{Heap before GC invocations=14 (full 0):
 garbage-first heap   total reserved 2035712K, committed 46080K, used 38912K [0x0000000083c00000, 0x0000000100000000)
  region size 1024K, 15 young (15360K), 2 survivors (2048K)
 Metaspace       used 45990K, committed 46720K, reserved 1114112K
  class space    used 6043K, committed 6336K, reserved 1048576K
}
Event: 7.320 GC heap after
{Heap after GC invocations=15 (full 0):
 garbage-first heap   total reserved 2035712K, committed 55296K, used 27465K [0x0000000083c00000, 0x0000000100000000)
  region size 1024K, 2 young (2048K), 2 survivors (2048K)
 Metaspace       used 45990K, committed 46720K, reserved 1114112K
  class space    used 6043K, committed 6336K, reserved 1048576K
}
Event: 20.244 GC heap before
{Heap before GC invocations=15 (full 0):
 garbage-first heap   total reserved 2035712K, committed 55296K, used 47945K [0x0000000083c00000, 0x0000000100000000)
  region size 1024K, 22 young (22528K), 2 survivors (2048K)
 Metaspace       used 49621K, committed 50304K, reserved 1114112K
  class space    used 6575K, committed 6848K, reserved 1048576K
}
Event: 20.250 GC heap after
{Heap after GC invocations=16 (full 0):
 garbage-first heap   total reserved 2035712K, committed 55296K, used 29474K [0x0000000083c00000, 0x0000000100000000)
  region size 1024K, 3 young (3072K), 3 survivors (3072K)
 Metaspace       used 49621K, committed 50304K, reserved 1114112K
  class space    used 6575K, committed 6848K, reserved 1048576K
}

