# JRE version: OpenJDK Runtime Environment (22.0.2+9) (build 22.0.2+9-70)
# Java VM: OpenJDK 64-Bit Server VM (22.0.2+9-70, mixed mode, sharing, tiered, compressed oops, compressed class ptrs, g1 gc, windows-amd64)
GC Precious Log:
 CardTable entry size: 512
 Card Set container configuration: InlinePtr #cards 5 size 8 Array Of Cards #cards 12 size 40 Howl #buckets 4 coarsen threshold 1843 Howl Bitmap #cards 512 size 80 coarsen threshold 460 Card regions per heap region 1 cards per card region 2048
 CPUs: 8 total, 8 available
 Memory: 7948M
 Large Page Support: Disabled
 NUMA Support: Disabled
 Compressed Oops: Enabled (32-bit)
 Heap Region Size: 1M
 Heap Min Capacity: 8M
 Heap Initial Capacity: 126M
 Heap Max Capacity: 1988M
 Pre-touch: Disabled
 Parallel Workers: 8
 Concurrent Workers: 2
 Concurrent Refinement Workers: 8
 Periodic GC: Disabled
Heap:
 garbage-first heap   total reserved 2035712K, committed 54272K, used 47320K [0x0000000083c00000, 0x0000000100000000)
  region size 1024K, 19 young (19456K), 1 survivors (1024K)
 Metaspace       used 54284K, committed 54976K, reserved 1114112K
  class space    used 7158K, committed 7424K, reserved 1048576K
GC Heap History (20 events):
Event: 4.416 GC heap before
{Heap before GC invocations=6 (full 0):
 garbage-first heap   total reserved 2035712K, committed 45056K, used 37018K [0x0000000083c00000, 0x0000000100000000)
  region size 1024K, 24 young (24576K), 3 survivors (3072K)
 Metaspace       used 31231K, committed 31808K, reserved 1114112K
  class space    used 3982K, committed 4224K, reserved 1048576K
}
Event: 4.422 GC heap after
{Heap after GC invocations=7 (full 0):
 garbage-first heap   total reserved 2035712K, committed 45056K, used 17626K [0x0000000083c00000, 0x0000000100000000)
  region size 1024K, 3 young (3072K), 3 survivors (3072K)
 Metaspace       used 31231K, committed 31808K, reserved 1114112K
  class space    used 3982K, committed 4224K, reserved 1048576K
}
Event: 4.824 GC heap before
{Heap before GC invocations=7 (full 0):
 garbage-first heap   total reserved 2035712K, committed 45056K, used 29914K [0x0000000083c00000, 0x0000000100000000)
  region size 1024K, 17 young (17408K), 3 survivors (3072K)
 Metaspace       used 35415K, committed 35968K, reserved 1114112K
  class space    used 4554K, committed 4800K, reserved 1048576K
}
Event: 4.829 GC heap after
{Heap after GC invocations=8 (full 0):
 garbage-first heap   total reserved 2035712K, committed 45056K, used 20241K [0x0000000083c00000, 0x0000000100000000)
  region size 1024K, 3 young (3072K), 3 survivors (3072K)
 Metaspace       used 35415K, committed 35968K, reserved 1114112K
  class space    used 4554K, committed 4800K, reserved 1048576K
}
Event: 5.241 GC heap before
{Heap before GC invocations=9 (full 0):
 garbage-first heap   total reserved 2035712K, committed 45056K, used 37649K [0x0000000083c00000, 0x0000000100000000)
  region size 1024K, 20 young (20480K), 3 survivors (3072K)
 Metaspace       used 38215K, committed 38784K, reserved 1114112K
  class space    used 4966K, committed 5248K, reserved 1048576K
}
Event: 5.246 GC heap after
{Heap after GC invocations=10 (full 0):
 garbage-first heap   total reserved 2035712K, committed 45056K, used 22904K [0x0000000083c00000, 0x0000000100000000)
  region size 1024K, 3 young (3072K), 3 survivors (3072K)
 Metaspace       used 38215K, committed 38784K, reserved 1114112K
  class space    used 4966K, committed 5248K, reserved 1048576K
}
Event: 5.623 GC heap before
{Heap before GC invocations=10 (full 0):
 garbage-first heap   total reserved 2035712K, committed 45056K, used 37240K [0x0000000083c00000, 0x0000000100000000)
  region size 1024K, 18 young (18432K), 3 survivors (3072K)
 Metaspace       used 40780K, committed 41280K, reserved 1114112K
  class space    used 5297K, committed 5504K, reserved 1048576K
}
Event: 5.630 GC heap after
{Heap after GC invocations=11 (full 0):
 garbage-first heap   total reserved 2035712K, committed 45056K, used 23279K [0x0000000083c00000, 0x0000000100000000)
  region size 1024K, 3 young (3072K), 3 survivors (3072K)
 Metaspace       used 40780K, committed 41280K, reserved 1114112K
  class space    used 5297K, committed 5504K, reserved 1048576K
}
Event: 5.991 GC heap before
{Heap before GC invocations=11 (full 0):
 garbage-first heap   total reserved 2035712K, committed 45056K, used 37615K [0x0000000083c00000, 0x0000000100000000)
  region size 1024K, 17 young (17408K), 3 survivors (3072K)
 Metaspace       used 42721K, committed 43328K, reserved 1114112K
  class space    used 5580K, committed 5824K, reserved 1048576K
}
Event: 5.997 GC heap after
{Heap after GC invocations=12 (full 0):
 garbage-first heap   total reserved 2035712K, committed 54272K, used 24772K [0x0000000083c00000, 0x0000000100000000)
  region size 1024K, 2 young (2048K), 2 survivors (2048K)
 Metaspace       used 42721K, committed 43328K, reserved 1114112K
  class space    used 5580K, committed 5824K, reserved 1048576K
}
Event: 6.596 GC heap before
{Heap before GC invocations=13 (full 0):
 garbage-first heap   total reserved 2035712K, committed 54272K, used 46276K [0x0000000083c00000, 0x0000000100000000)
  region size 1024K, 23 young (23552K), 2 survivors (2048K)
 Metaspace       used 45157K, committed 45824K, reserved 1114112K
  class space    used 5930K, committed 6272K, reserved 1048576K
}
Event: 6.600 GC heap after
{Heap after GC invocations=14 (full 0):
 garbage-first heap   total reserved 2035712K, committed 54272K, used 26489K [0x0000000083c00000, 0x0000000100000000)
  region size 1024K, 3 young (3072K), 3 survivors (3072K)
 Metaspace       used 45157K, committed 45824K, reserved 1114112K
  class space    used 5930K, committed 6272K, reserved 1048576K
}
Event: 10.575 GC heap before
{Heap before GC invocations=14 (full 0):
 garbage-first heap   total reserved 2035712K, committed 54272K, used 45945K [0x0000000083c00000, 0x0000000100000000)
  region size 1024K, 23 young (23552K), 3 survivors (3072K)
 Metaspace       used 48351K, committed 49024K, reserved 1114112K
  class space    used 6375K, committed 6656K, reserved 1048576K
}
Event: 10.583 GC heap after
{Heap after GC invocations=15 (full 0):
 garbage-first heap   total reserved 2035712K, committed 54272K, used 28130K [0x0000000083c00000, 0x0000000100000000)
  region size 1024K, 2 young (2048K), 2 survivors (2048K)
 Metaspace       used 48351K, committed 49024K, reserved 1114112K
  class space    used 6375K, committed 6656K, reserved 1048576K
}
Event: 41.764 GC heap before
{Heap before GC invocations=15 (full 0):
 garbage-first heap   total reserved 2035712K, committed 54272K, used 46562K [0x0000000083c00000, 0x0000000100000000)
  region size 1024K, 21 young (21504K), 2 survivors (2048K)
 Metaspace       used 51092K, committed 51776K, reserved 1114112K
  class space    used 6755K, committed 7040K, reserved 1048576K
}
Event: 41.769 GC heap after
{Heap after GC invocations=16 (full 0):
 garbage-first heap   total reserved 2035712K, committed 54272K, used 29800K [0x0000000083c00000, 0x0000000100000000)
  region size 1024K, 2 young (2048K), 2 survivors (2048K)
 Metaspace       used 51092K, committed 51776K, reserved 1114112K
  class space    used 6755K, committed 7040K, reserved 1048576K
}
Event: 71.856 GC heap before
{Heap before GC invocations=17 (full 0):
 garbage-first heap   total reserved 2035712K, committed 54272K, used 46184K [0x0000000083c00000, 0x0000000100000000)
  region size 1024K, 19 young (19456K), 2 survivors (2048K)
 Metaspace       used 53351K, committed 54080K, reserved 1114112K
  class space    used 7079K, committed 7360K, reserved 1048576K
}
Event: 71.861 GC heap after
{Heap after GC invocations=18 (full 0):
 garbage-first heap   total reserved 2035712K, committed 54272K, used 30310K [0x0000000083c00000, 0x0000000100000000)
  region size 1024K, 3 young (3072K), 3 survivors (3072K)
 Metaspace       used 53351K, committed 54080K, reserved 1114112K
  class space    used 7079K, committed 7360K, reserved 1048576K
}
Event: 158.685 GC heap before
{Heap before GC invocations=18 (full 0):
 garbage-first heap   total reserved 2035712K, committed 54272K, used 44646K [0x0000000083c00000, 0x0000000100000000)
  region size 1024K, 18 young (18432K), 3 survivors (3072K)
 Metaspace       used 54153K, committed 54848K, reserved 1114112K
  class space    used 7158K, committed 7424K, reserved 1048576K
}
Event: 158.688 GC heap after
{Heap after GC invocations=19 (full 0):
 garbage-first heap   total reserved 2035712K, committed 54272K, used 29912K [0x0000000083c00000, 0x0000000100000000)
  region size 1024K, 1 young (1024K), 1 survivors (1024K)
 Metaspace       used 54153K, committed 54848K, reserved 1114112K
  class space    used 7158K, committed 7424K, reserved 1048576K
}

