# JRE version: OpenJDK Runtime Environment (22.0.2+9) (build 22.0.2+9-70)
# Java VM: OpenJDK 64-Bit Server VM (22.0.2+9-70, mixed mode, sharing, tiered, compressed oops, compressed class ptrs, g1 gc, windows-amd64)
GC Precious Log:
 CardTable entry size: 512
 Card Set container configuration: InlinePtr #cards 5 size 8 Array Of Cards #cards 12 size 40 Howl #buckets 4 coarsen threshold 1843 Howl Bitmap #cards 512 size 80 coarsen threshold 460 Card regions per heap region 1 cards per card region 2048
 CPUs: 8 total, 8 available
 Memory: 7948M
 Large Page Support: Disabled
 NUMA Support: Disabled
 Compressed Oops: Enabled (32-bit)
 Heap Region Size: 1M
 Heap Min Capacity: 8M
 Heap Initial Capacity: 126M
 Heap Max Capacity: 1988M
 Pre-touch: Disabled
 Parallel Workers: 8
 Concurrent Workers: 2
 Concurrent Refinement Workers: 8
 Periodic GC: Disabled
Heap:
 garbage-first heap   total reserved 2035712K, committed 54272K, used 41656K [0x0000000083c00000, 0x0000000100000000)
  region size 1024K, 18 young (18432K), 1 survivors (1024K)
 Metaspace       used 55167K, committed 56192K, reserved 1114112K
  class space    used 6995K, committed 7424K, reserved 1048576K
GC Heap History (20 events):
Event: 1057.201 GC heap before
{Heap before GC invocations=26 (full 0):
 garbage-first heap   total reserved 2035712K, committed 54272K, used 46460K [0x0000000083c00000, 0x0000000100000000)
  region size 1024K, 21 young (21504K), 2 survivors (2048K)
 Metaspace       used 54364K, committed 55168K, reserved 1114112K
  class space    used 6999K, committed 7360K, reserved 1048576K
}
Event: 1057.204 GC heap after
{Heap after GC invocations=27 (full 0):
 garbage-first heap   total reserved 2035712K, committed 54272K, used 27680K [0x0000000083c00000, 0x0000000100000000)
  region size 1024K, 2 young (2048K), 2 survivors (2048K)
 Metaspace       used 54364K, committed 55168K, reserved 1114112K
  class space    used 6999K, committed 7360K, reserved 1048576K
}
Event: 1131.247 GC heap before
{Heap before GC invocations=27 (full 0):
 garbage-first heap   total reserved 2035712K, committed 54272K, used 46112K [0x0000000083c00000, 0x0000000100000000)
  region size 1024K, 21 young (21504K), 2 survivors (2048K)
 Metaspace       used 54551K, committed 55296K, reserved 1114112K
  class space    used 7000K, committed 7360K, reserved 1048576K
}
Event: 1131.250 GC heap after
{Heap after GC invocations=28 (full 0):
 garbage-first heap   total reserved 2035712K, committed 54272K, used 27784K [0x0000000083c00000, 0x0000000100000000)
  region size 1024K, 2 young (2048K), 2 survivors (2048K)
 Metaspace       used 54551K, committed 55296K, reserved 1114112K
  class space    used 7000K, committed 7360K, reserved 1048576K
}
Event: 1227.398 GC heap before
{Heap before GC invocations=29 (full 0):
 garbage-first heap   total reserved 2035712K, committed 54272K, used 46216K [0x0000000083c00000, 0x0000000100000000)
  region size 1024K, 21 young (21504K), 2 survivors (2048K)
 Metaspace       used 55094K, committed 55872K, reserved 1114112K
  class space    used 7073K, committed 7424K, reserved 1048576K
}
Event: 1227.402 GC heap after
{Heap after GC invocations=30 (full 0):
 garbage-first heap   total reserved 2035712K, committed 54272K, used 28089K [0x0000000083c00000, 0x0000000100000000)
  region size 1024K, 2 young (2048K), 2 survivors (2048K)
 Metaspace       used 55094K, committed 55872K, reserved 1114112K
  class space    used 7073K, committed 7424K, reserved 1048576K
}
Event: 1386.489 GC heap before
{Heap before GC invocations=30 (full 0):
 garbage-first heap   total reserved 2035712K, committed 54272K, used 47545K [0x0000000083c00000, 0x0000000100000000)
  region size 1024K, 21 young (21504K), 2 survivors (2048K)
 Metaspace       used 55154K, committed 55936K, reserved 1114112K
  class space    used 7073K, committed 7424K, reserved 1048576K
}
Event: 1386.493 GC heap after
{Heap after GC invocations=31 (full 0):
 garbage-first heap   total reserved 2035712K, committed 54272K, used 27529K [0x0000000083c00000, 0x0000000100000000)
  region size 1024K, 1 young (1024K), 1 survivors (1024K)
 Metaspace       used 55154K, committed 55936K, reserved 1114112K
  class space    used 7073K, committed 7424K, reserved 1048576K
}
Event: 1577.988 GC heap before
{Heap before GC invocations=31 (full 0):
 garbage-first heap   total reserved 2035712K, committed 54272K, used 48009K [0x0000000083c00000, 0x0000000100000000)
  region size 1024K, 21 young (21504K), 1 survivors (1024K)
 Metaspace       used 55158K, committed 55936K, reserved 1114112K
  class space    used 7073K, committed 7424K, reserved 1048576K
}
Event: 1577.990 GC heap after
{Heap after GC invocations=32 (full 0):
 garbage-first heap   total reserved 2035712K, committed 54272K, used 27573K [0x0000000083c00000, 0x0000000100000000)
  region size 1024K, 1 young (1024K), 1 survivors (1024K)
 Metaspace       used 55158K, committed 55936K, reserved 1114112K
  class space    used 7073K, committed 7424K, reserved 1048576K
}
Event: 1738.947 GC heap before
{Heap before GC invocations=33 (full 0):
 garbage-first heap   total reserved 2035712K, committed 54272K, used 48053K [0x0000000083c00000, 0x0000000100000000)
  region size 1024K, 21 young (21504K), 1 survivors (1024K)
 Metaspace       used 55233K, committed 56000K, reserved 1114112K
  class space    used 7073K, committed 7424K, reserved 1048576K
}
Event: 1738.949 GC heap after
{Heap after GC invocations=34 (full 0):
 garbage-first heap   total reserved 2035712K, committed 54272K, used 27522K [0x0000000083c00000, 0x0000000100000000)
  region size 1024K, 1 young (1024K), 1 survivors (1024K)
 Metaspace       used 55233K, committed 56000K, reserved 1114112K
  class space    used 7073K, committed 7424K, reserved 1048576K
}
Event: 1931.444 GC heap before
{Heap before GC invocations=34 (full 0):
 garbage-first heap   total reserved 2035712K, committed 54272K, used 48002K [0x0000000083c00000, 0x0000000100000000)
  region size 1024K, 21 young (21504K), 1 survivors (1024K)
 Metaspace       used 55234K, committed 56000K, reserved 1114112K
  class space    used 7073K, committed 7424K, reserved 1048576K
}
Event: 1931.448 GC heap after
{Heap after GC invocations=35 (full 0):
 garbage-first heap   total reserved 2035712K, committed 54272K, used 27328K [0x0000000083c00000, 0x0000000100000000)
  region size 1024K, 1 young (1024K), 1 survivors (1024K)
 Metaspace       used 55234K, committed 56000K, reserved 1114112K
  class space    used 7073K, committed 7424K, reserved 1048576K
}
Event: 2104.056 GC heap before
{Heap before GC invocations=35 (full 0):
 garbage-first heap   total reserved 2035712K, committed 54272K, used 48832K [0x0000000083c00000, 0x0000000100000000)
  region size 1024K, 22 young (22528K), 1 survivors (1024K)
 Metaspace       used 55319K, committed 56064K, reserved 1114112K
  class space    used 7073K, committed 7424K, reserved 1048576K
}
Event: 2104.058 GC heap after
{Heap after GC invocations=36 (full 0):
 garbage-first heap   total reserved 2035712K, committed 54272K, used 27338K [0x0000000083c00000, 0x0000000100000000)
  region size 1024K, 1 young (1024K), 1 survivors (1024K)
 Metaspace       used 55319K, committed 56064K, reserved 1114112K
  class space    used 7073K, committed 7424K, reserved 1048576K
}
Event: 2308.499 GC heap before
{Heap before GC invocations=37 (full 0):
 garbage-first heap   total reserved 2035712K, committed 54272K, used 48842K [0x0000000083c00000, 0x0000000100000000)
  region size 1024K, 22 young (22528K), 1 survivors (1024K)
 Metaspace       used 55056K, committed 56064K, reserved 1114112K
  class space    used 6995K, committed 7424K, reserved 1048576K
}
Event: 2308.501 GC heap after
{Heap after GC invocations=38 (full 0):
 garbage-first heap   total reserved 2035712K, committed 54272K, used 27326K [0x0000000083c00000, 0x0000000100000000)
  region size 1024K, 1 young (1024K), 1 survivors (1024K)
 Metaspace       used 55056K, committed 56064K, reserved 1114112K
  class space    used 6995K, committed 7424K, reserved 1048576K
}
Event: 2511.831 GC heap before
{Heap before GC invocations=38 (full 0):
 garbage-first heap   total reserved 2035712K, committed 54272K, used 48830K [0x0000000083c00000, 0x0000000100000000)
  region size 1024K, 22 young (22528K), 1 survivors (1024K)
 Metaspace       used 55072K, committed 56064K, reserved 1114112K
  class space    used 6995K, committed 7424K, reserved 1048576K
}
Event: 2511.843 GC heap after
{Heap after GC invocations=39 (full 0):
 garbage-first heap   total reserved 2035712K, committed 54272K, used 25272K [0x0000000083c00000, 0x0000000100000000)
  region size 1024K, 1 young (1024K), 1 survivors (1024K)
 Metaspace       used 55072K, committed 56064K, reserved 1114112K
  class space    used 6995K, committed 7424K, reserved 1048576K
}

