# JRE version: OpenJDK Runtime Environment (22.0.2+9) (build 22.0.2+9-70)
# Java VM: OpenJDK 64-Bit Server VM (22.0.2+9-70, mixed mode, sharing, tiered, compressed oops, compressed class ptrs, g1 gc, windows-amd64)
GC Precious Log:
 CardTable entry size: 512
 Card Set container configuration: InlinePtr #cards 5 size 8 Array Of Cards #cards 12 size 40 Howl #buckets 4 coarsen threshold 1843 Howl Bitmap #cards 512 size 80 coarsen threshold 460 Card regions per heap region 1 cards per card region 2048
 CPUs: 8 total, 8 available
 Memory: 7948M
 Large Page Support: Disabled
 NUMA Support: Disabled
 Compressed Oops: Enabled (32-bit)
 Heap Region Size: 1M
 Heap Min Capacity: 8M
 Heap Initial Capacity: 126M
 Heap Max Capacity: 1988M
 Pre-touch: Disabled
 Parallel Workers: 8
 Concurrent Workers: 2
 Concurrent Refinement Workers: 8
 Periodic GC: Disabled
Heap:
 garbage-first heap   total reserved 2035712K, committed 54272K, used 35235K [0x0000000083c00000, 0x0000000100000000)
  region size 1024K, 12 young (12288K), 1 survivors (1024K)
 Metaspace       used 47553K, committed 48256K, reserved 1114112K
  class space    used 6181K, committed 6528K, reserved 1048576K
GC Heap History (20 events):
Event: 2.245 GC heap before
{Heap before GC invocations=2 (full 0):
 garbage-first heap   total reserved 2035712K, committed 129024K, used 47075K [0x0000000083c00000, 0x0000000100000000)
  region size 1024K, 42 young (43008K), 3 survivors (3072K)
 Metaspace       used 21176K, committed 21504K, reserved 1114112K
  class space    used 2589K, committed 2752K, reserved 1048576K
}
Event: 2.252 GC heap after
{Heap after GC invocations=3 (full 0):
 garbage-first heap   total reserved 2035712K, committed 129024K, used 11506K [0x0000000083c00000, 0x0000000100000000)
  region size 1024K, 7 young (7168K), 7 survivors (7168K)
 Metaspace       used 21176K, committed 21504K, reserved 1114112K
  class space    used 2589K, committed 2752K, reserved 1048576K
}
Event: 2.798 GC heap before
{Heap before GC invocations=4 (full 0):
 garbage-first heap   total reserved 2035712K, committed 45056K, used 30962K [0x0000000083c00000, 0x0000000100000000)
  region size 1024K, 26 young (26624K), 7 survivors (7168K)
 Metaspace       used 24783K, committed 25216K, reserved 1114112K
  class space    used 3108K, committed 3328K, reserved 1048576K
}
Event: 2.806 GC heap after
{Heap after GC invocations=5 (full 0):
 garbage-first heap   total reserved 2035712K, committed 45056K, used 13688K [0x0000000083c00000, 0x0000000100000000)
  region size 1024K, 3 young (3072K), 3 survivors (3072K)
 Metaspace       used 24783K, committed 25216K, reserved 1114112K
  class space    used 3108K, committed 3328K, reserved 1048576K
}
Event: 3.123 GC heap before
{Heap before GC invocations=5 (full 0):
 garbage-first heap   total reserved 2035712K, committed 45056K, used 35192K [0x0000000083c00000, 0x0000000100000000)
  region size 1024K, 24 young (24576K), 3 survivors (3072K)
 Metaspace       used 27282K, committed 27776K, reserved 1114112K
  class space    used 3449K, committed 3648K, reserved 1048576K
}
Event: 3.128 GC heap after
{Heap after GC invocations=6 (full 0):
 garbage-first heap   total reserved 2035712K, committed 45056K, used 14843K [0x0000000083c00000, 0x0000000100000000)
  region size 1024K, 2 young (2048K), 2 survivors (2048K)
 Metaspace       used 27282K, committed 27776K, reserved 1114112K
  class space    used 3449K, committed 3648K, reserved 1048576K
}
Event: 3.852 GC heap before
{Heap before GC invocations=6 (full 0):
 garbage-first heap   total reserved 2035712K, committed 45056K, used 36347K [0x0000000083c00000, 0x0000000100000000)
  region size 1024K, 23 young (23552K), 2 survivors (2048K)
 Metaspace       used 32445K, committed 33024K, reserved 1114112K
  class space    used 4224K, committed 4480K, reserved 1048576K
}
Event: 3.856 GC heap after
{Heap after GC invocations=7 (full 0):
 garbage-first heap   total reserved 2035712K, committed 45056K, used 16716K [0x0000000083c00000, 0x0000000100000000)
  region size 1024K, 3 young (3072K), 3 survivors (3072K)
 Metaspace       used 32445K, committed 33024K, reserved 1114112K
  class space    used 4224K, committed 4480K, reserved 1048576K
}
Event: 4.208 GC heap before
{Heap before GC invocations=7 (full 0):
 garbage-first heap   total reserved 2035712K, committed 45056K, used 37196K [0x0000000083c00000, 0x0000000100000000)
  region size 1024K, 23 young (23552K), 3 survivors (3072K)
 Metaspace       used 34935K, committed 35520K, reserved 1114112K
  class space    used 4583K, committed 4864K, reserved 1048576K
}
Event: 4.213 GC heap after
{Heap after GC invocations=8 (full 0):
 garbage-first heap   total reserved 2035712K, committed 45056K, used 19393K [0x0000000083c00000, 0x0000000100000000)
  region size 1024K, 3 young (3072K), 3 survivors (3072K)
 Metaspace       used 34935K, committed 35520K, reserved 1114112K
  class space    used 4583K, committed 4864K, reserved 1048576K
}
Event: 4.291 GC heap before
{Heap before GC invocations=8 (full 0):
 garbage-first heap   total reserved 2035712K, committed 45056K, used 22465K [0x0000000083c00000, 0x0000000100000000)
  region size 1024K, 7 young (7168K), 3 survivors (3072K)
 Metaspace       used 35397K, committed 35968K, reserved 1114112K
  class space    used 4657K, committed 4928K, reserved 1048576K
}
Event: 4.294 GC heap after
{Heap after GC invocations=9 (full 0):
 garbage-first heap   total reserved 2035712K, committed 45056K, used 19971K [0x0000000083c00000, 0x0000000100000000)
  region size 1024K, 1 young (1024K), 1 survivors (1024K)
 Metaspace       used 35397K, committed 35968K, reserved 1114112K
  class space    used 4657K, committed 4928K, reserved 1048576K
}
Event: 4.698 GC heap before
{Heap before GC invocations=10 (full 0):
 garbage-first heap   total reserved 2035712K, committed 45056K, used 38403K [0x0000000083c00000, 0x0000000100000000)
  region size 1024K, 19 young (19456K), 1 survivors (1024K)
 Metaspace       used 37577K, committed 38208K, reserved 1114112K
  class space    used 4978K, committed 5248K, reserved 1048576K
}
Event: 4.701 GC heap after
{Heap after GC invocations=11 (full 0):
 garbage-first heap   total reserved 2035712K, committed 45056K, used 21415K [0x0000000083c00000, 0x0000000100000000)
  region size 1024K, 3 young (3072K), 3 survivors (3072K)
 Metaspace       used 37577K, committed 38208K, reserved 1114112K
  class space    used 4978K, committed 5248K, reserved 1048576K
}
Event: 5.706 GC heap before
{Heap before GC invocations=11 (full 0):
 garbage-first heap   total reserved 2035712K, committed 45056K, used 36775K [0x0000000083c00000, 0x0000000100000000)
  region size 1024K, 19 young (19456K), 3 survivors (3072K)
 Metaspace       used 43014K, committed 43712K, reserved 1114112K
  class space    used 5601K, committed 5952K, reserved 1048576K
}
Event: 5.710 GC heap after
{Heap after GC invocations=12 (full 0):
 garbage-first heap   total reserved 2035712K, committed 45056K, used 22962K [0x0000000083c00000, 0x0000000100000000)
  region size 1024K, 3 young (3072K), 3 survivors (3072K)
 Metaspace       used 43014K, committed 43712K, reserved 1114112K
  class space    used 5601K, committed 5952K, reserved 1048576K
}
Event: 12.903 GC heap before
{Heap before GC invocations=12 (full 0):
 garbage-first heap   total reserved 2035712K, committed 45056K, used 37298K [0x0000000083c00000, 0x0000000100000000)
  region size 1024K, 18 young (18432K), 3 survivors (3072K)
 Metaspace       used 46526K, committed 47232K, reserved 1114112K
  class space    used 6118K, committed 6464K, reserved 1048576K
}
Event: 12.910 GC heap after
{Heap after GC invocations=13 (full 0):
 garbage-first heap   total reserved 2035712K, committed 45056K, used 24316K [0x0000000083c00000, 0x0000000100000000)
  region size 1024K, 2 young (2048K), 2 survivors (2048K)
 Metaspace       used 46526K, committed 47232K, reserved 1114112K
  class space    used 6118K, committed 6464K, reserved 1048576K
}
Event: 134.390 GC heap before
{Heap before GC invocations=14 (full 0):
 garbage-first heap   total reserved 2035712K, committed 45056K, used 37628K [0x0000000083c00000, 0x0000000100000000)
  region size 1024K, 16 young (16384K), 2 survivors (2048K)
 Metaspace       used 47301K, committed 48000K, reserved 1114112K
  class space    used 6181K, committed 6528K, reserved 1048576K
}
Event: 134.395 GC heap after
{Heap after GC invocations=15 (full 0):
 garbage-first heap   total reserved 2035712K, committed 54272K, used 24995K [0x0000000083c00000, 0x0000000100000000)
  region size 1024K, 1 young (1024K), 1 survivors (1024K)
 Metaspace       used 47301K, committed 48000K, reserved 1114112K
  class space    used 6181K, committed 6528K, reserved 1048576K
}

