# JRE version: OpenJDK Runtime Environment (22.0.2+9) (build 22.0.2+9-70)
# Java VM: OpenJDK 64-Bit Server VM (22.0.2+9-70, mixed mode, sharing, tiered, compressed oops, compressed class ptrs, g1 gc, windows-amd64)
GC Precious Log:
 CardTable entry size: 512
 Card Set container configuration: InlinePtr #cards 5 size 8 Array Of Cards #cards 12 size 40 Howl #buckets 4 coarsen threshold 1843 Howl Bitmap #cards 512 size 80 coarsen threshold 460 Card regions per heap region 1 cards per card region 2048
 CPUs: 8 total, 8 available
 Memory: 7948M
 Large Page Support: Disabled
 NUMA Support: Disabled
 Compressed Oops: Enabled (32-bit)
 Heap Region Size: 1M
 Heap Min Capacity: 8M
 Heap Initial Capacity: 126M
 Heap Max Capacity: 1988M
 Pre-touch: Disabled
 Parallel Workers: 8
 Concurrent Workers: 2
 Concurrent Refinement Workers: 8
 Periodic GC: Disabled
Heap:
 garbage-first heap   total reserved 2035712K, committed 65536K, used 39462K [0x0000000083c00000, 0x0000000100000000)
  region size 1024K, 17 young (17408K), 2 survivors (2048K)
 Metaspace       used 51859K, committed 52864K, reserved 1114112K
  class space    used 6674K, committed 7104K, reserved 1048576K
GC Heap History (20 events):
Event: 941.547 GC heap before
{Heap before GC invocations=19 (full 0):
 garbage-first heap   total reserved 2035712K, committed 65536K, used 57969K [0x0000000083c00000, 0x0000000100000000)
  region size 1024K, 30 young (30720K), 2 survivors (2048K)
 Metaspace       used 51617K, committed 52352K, reserved 1114112K
  class space    used 6721K, committed 7104K, reserved 1048576K
}
Event: 941.549 GC heap after
{Heap after GC invocations=20 (full 0):
 garbage-first heap   total reserved 2035712K, committed 65536K, used 29338K [0x0000000083c00000, 0x0000000100000000)
  region size 1024K, 2 young (2048K), 2 survivors (2048K)
 Metaspace       used 51617K, committed 52352K, reserved 1114112K
  class space    used 6721K, committed 7104K, reserved 1048576K
}
Event: 1174.193 GC heap before
{Heap before GC invocations=20 (full 0):
 garbage-first heap   total reserved 2035712K, committed 65536K, used 58010K [0x0000000083c00000, 0x0000000100000000)
  region size 1024K, 30 young (30720K), 2 survivors (2048K)
 Metaspace       used 51637K, committed 52416K, reserved 1114112K
  class space    used 6721K, committed 7104K, reserved 1048576K
}
Event: 1174.201 GC heap after
{Heap after GC invocations=21 (full 0):
 garbage-first heap   total reserved 2035712K, committed 65536K, used 28700K [0x0000000083c00000, 0x0000000100000000)
  region size 1024K, 2 young (2048K), 2 survivors (2048K)
 Metaspace       used 51637K, committed 52416K, reserved 1114112K
  class space    used 6721K, committed 7104K, reserved 1048576K
}
Event: 1396.479 GC heap before
{Heap before GC invocations=21 (full 0):
 garbage-first heap   total reserved 2035712K, committed 65536K, used 57372K [0x0000000083c00000, 0x0000000100000000)
  region size 1024K, 31 young (31744K), 2 survivors (2048K)
 Metaspace       used 51913K, committed 52672K, reserved 1114112K
  class space    used 6753K, committed 7104K, reserved 1048576K
}
Event: 1396.486 GC heap after
{Heap after GC invocations=22 (full 0):
 garbage-first heap   total reserved 2035712K, committed 65536K, used 28709K [0x0000000083c00000, 0x0000000100000000)
  region size 1024K, 2 young (2048K), 2 survivors (2048K)
 Metaspace       used 51913K, committed 52672K, reserved 1114112K
  class space    used 6753K, committed 7104K, reserved 1048576K
}
Event: 1606.086 GC heap before
{Heap before GC invocations=23 (full 0):
 garbage-first heap   total reserved 2035712K, committed 65536K, used 58405K [0x0000000083c00000, 0x0000000100000000)
  region size 1024K, 31 young (31744K), 2 survivors (2048K)
 Metaspace       used 52002K, committed 52800K, reserved 1114112K
  class space    used 6753K, committed 7104K, reserved 1048576K
}
Event: 1606.091 GC heap after
{Heap after GC invocations=24 (full 0):
 garbage-first heap   total reserved 2035712K, committed 65536K, used 28758K [0x0000000083c00000, 0x0000000100000000)
  region size 1024K, 2 young (2048K), 2 survivors (2048K)
 Metaspace       used 52002K, committed 52800K, reserved 1114112K
  class space    used 6753K, committed 7104K, reserved 1048576K
}
Event: 1824.776 GC heap before
{Heap before GC invocations=24 (full 0):
 garbage-first heap   total reserved 2035712K, committed 65536K, used 58454K [0x0000000083c00000, 0x0000000100000000)
  region size 1024K, 31 young (31744K), 2 survivors (2048K)
 Metaspace       used 52020K, committed 52800K, reserved 1114112K
  class space    used 6753K, committed 7104K, reserved 1048576K
}
Event: 1824.780 GC heap after
{Heap after GC invocations=25 (full 0):
 garbage-first heap   total reserved 2035712K, committed 65536K, used 28332K [0x0000000083c00000, 0x0000000100000000)
  region size 1024K, 2 young (2048K), 2 survivors (2048K)
 Metaspace       used 52020K, committed 52800K, reserved 1114112K
  class space    used 6753K, committed 7104K, reserved 1048576K
}
Event: 2043.837 GC heap before
{Heap before GC invocations=25 (full 0):
 garbage-first heap   total reserved 2035712K, committed 65536K, used 58028K [0x0000000083c00000, 0x0000000100000000)
  region size 1024K, 31 young (31744K), 2 survivors (2048K)
 Metaspace       used 52055K, committed 52800K, reserved 1114112K
  class space    used 6753K, committed 7104K, reserved 1048576K
}
Event: 2043.840 GC heap after
{Heap after GC invocations=26 (full 0):
 garbage-first heap   total reserved 2035712K, committed 65536K, used 28201K [0x0000000083c00000, 0x0000000100000000)
  region size 1024K, 2 young (2048K), 2 survivors (2048K)
 Metaspace       used 52055K, committed 52800K, reserved 1114112K
  class space    used 6753K, committed 7104K, reserved 1048576K
}
Event: 2271.836 GC heap before
{Heap before GC invocations=27 (full 0):
 garbage-first heap   total reserved 2035712K, committed 65536K, used 57897K [0x0000000083c00000, 0x0000000100000000)
  region size 1024K, 31 young (31744K), 2 survivors (2048K)
 Metaspace       used 51801K, committed 52800K, reserved 1114112K
  class space    used 6674K, committed 7104K, reserved 1048576K
}
Event: 2271.841 GC heap after
{Heap after GC invocations=28 (full 0):
 garbage-first heap   total reserved 2035712K, committed 65536K, used 28224K [0x0000000083c00000, 0x0000000100000000)
  region size 1024K, 2 young (2048K), 2 survivors (2048K)
 Metaspace       used 51801K, committed 52800K, reserved 1114112K
  class space    used 6674K, committed 7104K, reserved 1048576K
}
Event: 2497.547 GC heap before
{Heap before GC invocations=28 (full 0):
 garbage-first heap   total reserved 2035712K, committed 65536K, used 57920K [0x0000000083c00000, 0x0000000100000000)
  region size 1024K, 31 young (31744K), 2 survivors (2048K)
 Metaspace       used 51816K, committed 52800K, reserved 1114112K
  class space    used 6674K, committed 7104K, reserved 1048576K
}
Event: 2497.561 GC heap after
{Heap after GC invocations=29 (full 0):
 garbage-first heap   total reserved 2035712K, committed 65536K, used 25408K [0x0000000083c00000, 0x0000000100000000)
  region size 1024K, 2 young (2048K), 2 survivors (2048K)
 Metaspace       used 51816K, committed 52800K, reserved 1114112K
  class space    used 6674K, committed 7104K, reserved 1048576K
}
Event: 2751.105 GC heap before
{Heap before GC invocations=29 (full 0):
 garbage-first heap   total reserved 2035712K, committed 65536K, used 58176K [0x0000000083c00000, 0x0000000100000000)
  region size 1024K, 34 young (34816K), 2 survivors (2048K)
 Metaspace       used 51851K, committed 52864K, reserved 1114112K
  class space    used 6674K, committed 7104K, reserved 1048576K
}
Event: 2751.111 GC heap after
{Heap after GC invocations=30 (full 0):
 garbage-first heap   total reserved 2035712K, committed 65536K, used 25225K [0x0000000083c00000, 0x0000000100000000)
  region size 1024K, 2 young (2048K), 2 survivors (2048K)
 Metaspace       used 51851K, committed 52864K, reserved 1114112K
  class space    used 6674K, committed 7104K, reserved 1048576K
}
Event: 3009.403 GC heap before
{Heap before GC invocations=30 (full 0):
 garbage-first heap   total reserved 2035712K, committed 65536K, used 57993K [0x0000000083c00000, 0x0000000100000000)
  region size 1024K, 34 young (34816K), 2 survivors (2048K)
 Metaspace       used 51855K, committed 52864K, reserved 1114112K
  class space    used 6674K, committed 7104K, reserved 1048576K
}
Event: 3009.406 GC heap after
{Heap after GC invocations=31 (full 0):
 garbage-first heap   total reserved 2035712K, committed 65536K, used 25126K [0x0000000083c00000, 0x0000000100000000)
  region size 1024K, 2 young (2048K), 2 survivors (2048K)
 Metaspace       used 51855K, committed 52864K, reserved 1114112K
  class space    used 6674K, committed 7104K, reserved 1048576K
}

