# JRE version: OpenJDK Runtime Environment (22.0.2+9) (build 22.0.2+9-70)
# Java VM: OpenJDK 64-Bit Server VM (22.0.2+9-70, mixed mode, sharing, tiered, compressed oops, compressed class ptrs, g1 gc, windows-amd64)
GC Precious Log:
 CardTable entry size: 512
 Card Set container configuration: InlinePtr #cards 5 size 8 Array Of Cards #cards 12 size 40 Howl #buckets 4 coarsen threshold 1843 Howl Bitmap #cards 512 size 80 coarsen threshold 460 Card regions per heap region 1 cards per card region 2048
 CPUs: 8 total, 8 available
 Memory: 7948M
 Large Page Support: Disabled
 NUMA Support: Disabled
 Compressed Oops: Enabled (32-bit)
 Heap Region Size: 1M
 Heap Min Capacity: 8M
 Heap Initial Capacity: 126M
 Heap Max Capacity: 1988M
 Pre-touch: Disabled
 Parallel Workers: 8
 Concurrent Workers: 2
 Concurrent Refinement Workers: 8
 Periodic GC: Disabled
Heap:
 garbage-first heap   total reserved 2035712K, committed 54272K, used 36814K [0x0000000083c00000, 0x0000000100000000)
  region size 1024K, 8 young (8192K), 2 survivors (2048K)
 Metaspace       used 53672K, committed 54400K, reserved 1114112K
  class space    used 7031K, committed 7360K, reserved 1048576K
GC Heap History (20 events):
Event: 4.437 GC heap before
{Heap before GC invocations=6 (full 0):
 garbage-first heap   total reserved 2035712K, committed 45056K, used 36588K [0x0000000083c00000, 0x0000000100000000)
  region size 1024K, 22 young (22528K), 2 survivors (2048K)
 Metaspace       used 30352K, committed 30912K, reserved 1114112K
  class space    used 3877K, committed 4096K, reserved 1048576K
}
Event: 4.443 GC heap after
{Heap after GC invocations=7 (full 0):
 garbage-first heap   total reserved 2035712K, committed 45056K, used 17993K [0x0000000083c00000, 0x0000000100000000)
  region size 1024K, 2 young (2048K), 2 survivors (2048K)
 Metaspace       used 30352K, committed 30912K, reserved 1114112K
  class space    used 3877K, committed 4096K, reserved 1048576K
}
Event: 4.943 GC heap before
{Heap before GC invocations=7 (full 0):
 garbage-first heap   total reserved 2035712K, committed 45056K, used 33353K [0x0000000083c00000, 0x0000000100000000)
  region size 1024K, 19 young (19456K), 2 survivors (2048K)
 Metaspace       used 35529K, committed 36096K, reserved 1114112K
  class space    used 4579K, committed 4864K, reserved 1048576K
}
Event: 4.949 GC heap after
{Heap after GC invocations=8 (full 0):
 garbage-first heap   total reserved 2035712K, committed 45056K, used 21031K [0x0000000083c00000, 0x0000000100000000)
  region size 1024K, 3 young (3072K), 3 survivors (3072K)
 Metaspace       used 35529K, committed 36096K, reserved 1114112K
  class space    used 4579K, committed 4864K, reserved 1048576K
}
Event: 5.272 GC heap before
{Heap before GC invocations=9 (full 0):
 garbage-first heap   total reserved 2035712K, committed 45056K, used 38439K [0x0000000083c00000, 0x0000000100000000)
  region size 1024K, 20 young (20480K), 3 survivors (3072K)
 Metaspace       used 38317K, committed 38848K, reserved 1114112K
  class space    used 4973K, committed 5184K, reserved 1048576K
}
Event: 5.278 GC heap after
{Heap after GC invocations=10 (full 0):
 garbage-first heap   total reserved 2035712K, committed 45056K, used 22691K [0x0000000083c00000, 0x0000000100000000)
  region size 1024K, 3 young (3072K), 3 survivors (3072K)
 Metaspace       used 38317K, committed 38848K, reserved 1114112K
  class space    used 4973K, committed 5184K, reserved 1048576K
}
Event: 5.600 GC heap before
{Heap before GC invocations=10 (full 0):
 garbage-first heap   total reserved 2035712K, committed 45056K, used 38051K [0x0000000083c00000, 0x0000000100000000)
  region size 1024K, 18 young (18432K), 3 survivors (3072K)
 Metaspace       used 40772K, committed 41408K, reserved 1114112K
  class space    used 5293K, committed 5568K, reserved 1048576K
}
Event: 5.606 GC heap after
{Heap after GC invocations=11 (full 0):
 garbage-first heap   total reserved 2035712K, committed 54272K, used 24056K [0x0000000083c00000, 0x0000000100000000)
  region size 1024K, 2 young (2048K), 2 survivors (2048K)
 Metaspace       used 40772K, committed 41408K, reserved 1114112K
  class space    used 5293K, committed 5568K, reserved 1048576K
}
Event: 6.125 GC heap before
{Heap before GC invocations=11 (full 0):
 garbage-first heap   total reserved 2035712K, committed 54272K, used 44536K [0x0000000083c00000, 0x0000000100000000)
  region size 1024K, 23 young (23552K), 2 survivors (2048K)
 Metaspace       used 43592K, committed 44224K, reserved 1114112K
  class space    used 5674K, committed 5952K, reserved 1048576K
}
Event: 6.131 GC heap after
{Heap after GC invocations=12 (full 0):
 garbage-first heap   total reserved 2035712K, committed 54272K, used 25859K [0x0000000083c00000, 0x0000000100000000)
  region size 1024K, 2 young (2048K), 2 survivors (2048K)
 Metaspace       used 43592K, committed 44224K, reserved 1114112K
  class space    used 5674K, committed 5952K, reserved 1048576K
}
Event: 6.544 GC heap before
{Heap before GC invocations=12 (full 0):
 garbage-first heap   total reserved 2035712K, committed 54272K, used 45315K [0x0000000083c00000, 0x0000000100000000)
  region size 1024K, 22 young (22528K), 2 survivors (2048K)
 Metaspace       used 46013K, committed 46720K, reserved 1114112K
  class space    used 6037K, committed 6336K, reserved 1048576K
}
Event: 6.549 GC heap after
{Heap after GC invocations=13 (full 0):
 garbage-first heap   total reserved 2035712K, committed 54272K, used 28018K [0x0000000083c00000, 0x0000000100000000)
  region size 1024K, 3 young (3072K), 3 survivors (3072K)
 Metaspace       used 46013K, committed 46720K, reserved 1114112K
  class space    used 6037K, committed 6336K, reserved 1048576K
}
Event: 14.850 GC heap before
{Heap before GC invocations=14 (full 0):
 garbage-first heap   total reserved 2035712K, committed 54272K, used 44402K [0x0000000083c00000, 0x0000000100000000)
  region size 1024K, 20 young (20480K), 3 survivors (3072K)
 Metaspace       used 49114K, committed 49792K, reserved 1114112K
  class space    used 6488K, committed 6784K, reserved 1048576K
}
Event: 14.854 GC heap after
{Heap after GC invocations=15 (full 0):
 garbage-first heap   total reserved 2035712K, committed 54272K, used 29929K [0x0000000083c00000, 0x0000000100000000)
  region size 1024K, 2 young (2048K), 2 survivors (2048K)
 Metaspace       used 49114K, committed 49792K, reserved 1114112K
  class space    used 6488K, committed 6784K, reserved 1048576K
}
Event: 23.195 GC heap before
{Heap before GC invocations=15 (full 0):
 garbage-first heap   total reserved 2035712K, committed 54272K, used 47337K [0x0000000083c00000, 0x0000000100000000)
  region size 1024K, 19 young (19456K), 2 survivors (2048K)
 Metaspace       used 51397K, committed 52096K, reserved 1114112K
  class space    used 6783K, committed 7104K, reserved 1048576K
}
Event: 23.204 GC heap after
{Heap after GC invocations=16 (full 0):
 garbage-first heap   total reserved 2035712K, committed 54272K, used 30865K [0x0000000083c00000, 0x0000000100000000)
  region size 1024K, 2 young (2048K), 2 survivors (2048K)
 Metaspace       used 51397K, committed 52096K, reserved 1114112K
  class space    used 6783K, committed 7104K, reserved 1048576K
}
Event: 93.884 GC heap before
{Heap before GC invocations=16 (full 0):
 garbage-first heap   total reserved 2035712K, committed 54272K, used 46225K [0x0000000083c00000, 0x0000000100000000)
  region size 1024K, 18 young (18432K), 2 survivors (2048K)
 Metaspace       used 51899K, committed 52672K, reserved 1114112K
  class space    used 6797K, committed 7168K, reserved 1048576K
}
Event: 93.888 GC heap after
{Heap after GC invocations=17 (full 0):
 garbage-first heap   total reserved 2035712K, committed 54272K, used 31258K [0x0000000083c00000, 0x0000000100000000)
  region size 1024K, 2 young (2048K), 2 survivors (2048K)
 Metaspace       used 51899K, committed 52672K, reserved 1114112K
  class space    used 6797K, committed 7168K, reserved 1048576K
}
Event: 133.404 GC heap before
{Heap before GC invocations=18 (full 0):
 garbage-first heap   total reserved 2035712K, committed 54272K, used 46618K [0x0000000083c00000, 0x0000000100000000)
  region size 1024K, 18 young (18432K), 2 survivors (2048K)
 Metaspace       used 53636K, committed 54400K, reserved 1114112K
  class space    used 7029K, committed 7360K, reserved 1048576K
}
Event: 133.410 GC heap after
{Heap after GC invocations=19 (full 0):
 garbage-first heap   total reserved 2035712K, committed 54272K, used 31694K [0x0000000083c00000, 0x0000000100000000)
  region size 1024K, 2 young (2048K), 2 survivors (2048K)
 Metaspace       used 53636K, committed 54400K, reserved 1114112K
  class space    used 7029K, committed 7360K, reserved 1048576K
}

